
> full-court@0.1.0 build
> next build

 ⚠ Warning: Next.js inferred your workspace root, but it may not be correct.
 We detected multiple lockfiles and selected the directory of /Users/controlla/package-lock.json as the root directory.
 To silence this warning, set `turbopack.root` in your Next.js config, or consider removing one of the lockfiles if it's not needed.
   See https://nextjs.org/docs/app/api-reference/config/next-config-js/turbopack#root-directory for more information.
 Detected additional lockfiles: 
   * /Users/controlla/full-court/package-lock.json

   ▲ Next.js 16.0.3 (Turbopack)
   - Environments: .env.local

   Creating an optimized production build ...
 ✓ Compiled successfully in 8.4s
   Running TypeScript ...
Failed to compile.

./app/api/videos/upload/route.ts:160:31
Type error: Property 'playbackIds' does not exist on type 'Asset'. Did you mean 'playbackId'?

[0m [90m 158 |[39m     
 [90m 159 |[39m     [90m// Extract metadata from asset (handle different response structures)[39m
[31m[1m>[22m[39m[90m 160 |[39m     [36mconst[39m playbackId [33m=[39m asset[33m?[39m[33m.[39mplaybackIds[33m?[39m[33m.[39m[[35m0[39m][33m?[39m[33m.[39mid [33m||[39m 
 [90m     |[39m                               [31m[1m^[22m[39m
 [90m 161 |[39m                        assetResult[33m.[39mdata[33m?[39m[33m.[39mplaybackIds[33m?[39m[33m.[39m[[35m0[39m][33m?[39m[33m.[39mid [33m||[39m
 [90m 162 |[39m                        [36mnull[39m[33m;[39m
 [90m 163 |[39m     [0m
Next.js build worker exited with code: 1 and signal: null
uncaughtException Error: kill EPERM
    at ignore-listed frames {
  errno: -1,
  code: 'EPERM',
  syscall: 'kill'
}
